SF:lib/src/cubit/collected_colors_cubit.dart
DA:7,12
DA:9,2
DA:10,2
DA:11,4
DA:12,4
DA:13,2
DA:16,3
DA:18,1
DA:19,7
LF:9
LH:9
end_of_record
SF:lib/src/cubit/favourites_cubit.dart
DA:6,8
DA:8,1
DA:9,2
DA:10,1
DA:11,1
DA:13,1
DA:15,1
DA:18,3
LF:8
LH:8
end_of_record
SF:lib/src/cubit/scroll_direction_cubit.dart
DA:7,8
DA:9,2
DA:10,6
LF:3
LH:3
end_of_record
SF:lib/src/cubit/tts_cubit.dart
DA:11,5
DA:13,5
DA:20,2
DA:21,2
DA:22,2
DA:23,2
DA:24,4
DA:25,6
DA:27,4
DA:29,9
DA:30,4
DA:33,4
DA:36,4
DA:37,4
DA:38,1
DA:39,1
DA:40,2
DA:41,1
DA:42,3
DA:50,3
DA:51,3
DA:54,2
DA:55,1
DA:56,1
DA:57,3
DA:63,1
DA:67,2
DA:68,2
DA:69,6
DA:70,4
DA:72,2
DA:73,4
DA:74,2
DA:75,6
DA:80,4
LF:35
LH:35
end_of_record
SF:lib/src/cubit/tts_state.dart
DA:6,5
DA:16,2
DA:17,8
DA:19,2
DA:25,2
DA:26,1
DA:27,2
DA:29,1
LF:8
LH:8
end_of_record
SF:lib/src/bloc/image_viewer_bloc.dart
DA:16,7
DA:18,14
DA:19,14
DA:20,14
DA:21,14
DA:22,14
DA:23,14
DA:24,14
DA:25,14
DA:39,4
DA:40,18
DA:45,3
DA:46,3
DA:47,6
DA:48,6
DA:51,6
DA:56,3
DA:57,3
DA:58,6
DA:59,6
DA:63,1
DA:64,1
DA:65,2
LF:23
LH:23
end_of_record
SF:lib/src/bloc/bloc_handlers.dart
DA:4,11
DA:5,4
DA:6,2
DA:7,6
DA:8,4
DA:10,2
DA:11,6
DA:12,6
DA:16,15
DA:20,12
DA:23,16
DA:25,8
DA:26,18
DA:27,16
DA:30,4
DA:31,8
DA:32,10
DA:33,10
DA:34,8
DA:35,8
DA:36,8
DA:40,4
DA:41,8
DA:42,8
DA:43,4
DA:44,4
DA:45,20
DA:47,4
DA:48,3
DA:49,3
DA:50,3
DA:51,6
DA:52,1
DA:53,3
DA:57,3
DA:59,0
DA:60,0
DA:64,3
DA:67,3
DA:68,6
DA:69,3
DA:74,9
DA:75,4
DA:77,8
DA:78,2
DA:79,4
DA:85,6
DA:87,21
DA:90,3
DA:93,1
DA:94,2
DA:96,3
DA:97,6
DA:103,8
DA:104,4
DA:105,8
DA:107,4
DA:108,4
DA:109,4
DA:112,9
DA:113,1
DA:116,3
DA:117,3
DA:118,1
DA:119,2
DA:126,1
DA:127,3
DA:128,3
DA:130,1
DA:131,2
DA:138,3
DA:139,3
DA:141,1
DA:142,2
DA:149,8
DA:153,11
DA:154,6
DA:155,8
DA:156,2
DA:163,6
DA:164,8
DA:165,6
DA:166,2
DA:168,2
DA:169,4
DA:175,2
DA:177,6
DA:178,2
DA:184,3
DA:185,3
DA:192,2
DA:193,4
DA:194,0
DA:195,0
DA:196,0
DA:197,0
DA:198,0
DA:208,2
DA:209,12
DA:211,9
DA:212,3
DA:215,9
DA:219,4
DA:222,9
DA:226,3
DA:229,7
DA:233,0
LF:107
LH:99
end_of_record
SF:lib/src/data/datasources/image_remote_datasource.dart
DA:13,2
DA:14,2
DA:18,1
DA:20,2
DA:21,1
DA:23,1
DA:24,1
DA:28,1
DA:29,1
DA:30,1
DA:31,1
LF:11
LH:11
end_of_record
SF:lib/src/di/image_viewer_module.dart
DA:12,1
DA:13,1
DA:14,2
DA:17,1
DA:18,2
DA:19,1
DA:20,1
DA:24,1
DA:25,3
DA:28,1
DA:29,3
DA:32,3
DA:33,3
DA:34,3
LF:14
LH:14
end_of_record
SF:lib/src/view/widgets/alerts/custom_dialog.dart
DA:7,1
DA:12,3
DA:13,1
DA:14,1
DA:16,2
DA:19,0
DA:23,1
DA:24,1
DA:28,1
DA:30,1
DA:41,1
DA:49,1
DA:51,3
DA:54,1
DA:55,0
DA:57,1
DA:58,0
DA:61,1
DA:62,1
DA:64,1
DA:65,1
DA:66,1
DA:67,1
DA:68,1
DA:69,1
DA:71,1
DA:72,1
DA:78,1
DA:79,1
DA:80,1
DA:81,1
DA:82,1
DA:87,1
DA:89,1
DA:90,1
DA:92,1
DA:93,1
DA:95,1
DA:98,1
DA:100,1
DA:101,1
DA:102,2
DA:103,2
DA:105,2
LF:44
LH:41
end_of_record
SF:lib/src/bloc/image_viewer_event.dart
DA:6,5
DA:12,4
DA:17,0
DA:21,1
DA:26,4
DA:30,4
DA:35,1
DA:39,4
LF:8
LH:7
end_of_record
SF:lib/src/bloc/image_viewer_state.dart
DA:33,7
DA:42,7
DA:43,7
DA:44,7
DA:45,7
DA:52,4
DA:61,4
DA:62,4
DA:63,4
DA:64,4
DA:65,3
DA:66,4
DA:69,4
LF:13
LH:13
end_of_record
SF:lib/src/data/repositories/image_repository_impl.dart
DA:11,3
DA:12,9
DA:21,4
DA:34,3
DA:39,15
DA:41,6
DA:43,5
DA:44,5
DA:47,3
DA:55,6
DA:56,1
DA:59,6
DA:61,9
DA:65,3
DA:66,3
DA:68,9
DA:71,9
DA:74,6
DA:75,9
DA:76,2
DA:77,4
DA:81,6
DA:84,3
DA:85,3
DA:89,3
DA:92,6
DA:93,3
DA:94,1
DA:95,1
DA:96,1
DA:98,2
DA:107,1
DA:111,15
DA:112,2
DA:113,1
DA:114,1
DA:115,2
DA:125,9
DA:126,3
DA:127,3
DA:130,3
DA:134,3
DA:136,1
DA:137,2
DA:138,2
DA:139,1
DA:143,9
DA:144,1
LF:48
LH:48
end_of_record
SF:lib/src/view/pages/image_viewer_content.dart
DA:4,0
DA:14,0
DA:15,0
DA:25,0
DA:27,0
DA:28,0
DA:29,0
DA:33,0
DA:35,0
DA:37,0
DA:38,0
DA:39,0
DA:40,0
DA:41,0
DA:42,0
DA:43,0
DA:44,0
DA:45,0
DA:46,0
DA:57,0
DA:58,0
DA:60,0
DA:64,0
DA:68,0
DA:69,0
DA:70,0
DA:71,0
DA:75,0
DA:77,0
DA:78,0
DA:81,0
DA:82,0
DA:85,0
DA:86,0
DA:87,0
DA:88,0
DA:89,0
DA:90,0
DA:91,0
DA:92,0
DA:95,0
DA:98,0
DA:99,0
DA:100,0
DA:104,0
DA:106,0
DA:108,0
DA:109,0
DA:113,0
DA:115,0
DA:116,0
DA:118,0
DA:119,0
DA:120,0
DA:121,0
DA:122,0
DA:123,0
DA:124,0
DA:125,0
DA:126,0
DA:128,0
DA:129,0
DA:130,0
DA:131,0
DA:132,0
DA:134,0
DA:135,0
DA:137,0
DA:138,0
DA:139,0
DA:141,0
DA:150,0
DA:151,0
DA:152,0
DA:155,0
DA:156,0
DA:157,0
DA:159,0
DA:160,0
DA:161,0
DA:167,0
DA:168,0
DA:170,0
DA:173,0
DA:175,0
DA:177,0
DA:180,0
DA:182,0
DA:184,0
DA:185,0
DA:186,0
DA:187,0
DA:188,0
DA:189,0
DA:190,0
DA:191,0
DA:192,0
LF:97
LH:0
end_of_record
SF:lib/src/view/pages/carousel_scope.dart
DA:5,0
DA:36,0
DA:38,0
DA:47,0
DA:48,0
DA:51,0
DA:53,0
DA:55,0
DA:56,0
DA:57,0
DA:59,0
DA:60,0
DA:61,0
DA:64,0
DA:66,0
DA:68,0
DA:69,0
DA:70,0
DA:71,0
DA:72,0
DA:73,0
DA:76,0
DA:80,0
DA:82,0
DA:85,0
DA:87,0
DA:88,0
DA:89,0
DA:90,0
DA:91,0
DA:92,0
DA:93,0
DA:97,0
DA:98,0
DA:99,0
DA:101,0
DA:102,0
DA:103,0
DA:107,0
DA:108,0
DA:112,0
DA:114,0
DA:115,0
DA:116,0
DA:117,0
DA:118,0
DA:119,0
DA:120,0
DA:122,0
DA:126,0
DA:128,0
DA:129,0
DA:130,0
DA:133,0
DA:135,0
DA:136,0
DA:137,0
DA:139,0
DA:140,0
DA:142,0
DA:143,0
DA:144,0
DA:145,0
DA:147,0
DA:150,0
DA:151,0
DA:152,0
DA:154,0
DA:155,0
DA:157,0
DA:158,0
DA:159,0
DA:167,0
DA:168,0
DA:169,0
DA:171,0
DA:173,0
DA:174,0
DA:175,0
DA:176,0
DA:179,0
DA:180,0
DA:181,0
DA:187,0
DA:188,0
DA:189,0
DA:190,0
DA:191,0
DA:194,0
DA:195,0
DA:196,0
DA:198,0
DA:199,0
DA:201,0
DA:204,0
DA:209,0
DA:210,0
DA:211,0
DA:213,0
DA:215,0
DA:216,0
DA:218,0
DA:220,0
DA:221,0
LF:104
LH:0
end_of_record
SF:lib/src/view/pages/image_viewer_main_view.dart
DA:25,0
DA:39,0
DA:41,0
DA:42,0
DA:43,0
DA:44,0
LF:6
LH:0
end_of_record
SF:lib/src/view/flow/image_viewer_flow.dart
DA:20,1
DA:41,1
DA:42,1
DA:48,1
DA:49,3
DA:52,1
DA:54,2
DA:55,1
DA:56,1
DA:57,1
DA:58,1
DA:59,2
DA:61,1
DA:62,1
DA:63,1
DA:64,1
DA:66,1
DA:68,1
DA:70,1
DA:71,2
DA:72,0
DA:73,0
DA:74,0
DA:75,0
DA:78,1
DA:80,1
DA:81,2
DA:82,1
DA:83,1
DA:84,1
DA:85,1
DA:87,1
DA:89,1
DA:90,2
DA:91,4
DA:92,0
LF:36
LH:31
end_of_record
SF:lib/src/domain/exceptions/image_viewer_exceptions.dart
DA:3,3
DA:5,1
DA:6,1
DA:11,2
DA:13,1
DA:14,1
LF:6
LH:6
end_of_record
SF:lib/src/utils/image_provider_utils.dart
DA:9,1
DA:11,4
DA:12,2
DA:14,2
DA:15,3
DA:17,3
DA:18,2
LF:7
LH:7
end_of_record
SF:lib/src/utils/image_viewer_color_utils.dart
DA:14,0
DA:15,0
DA:16,0
DA:17,0
DA:19,0
DA:20,0
DA:21,0
DA:28,0
DA:29,0
DA:30,0
DA:32,0
DA:33,0
DA:34,0
DA:36,0
DA:38,0
DA:39,0
DA:40,0
DA:41,0
DA:42,0
DA:43,0
LF:20
LH:0
end_of_record
SF:lib/src/view/widgets/background/image_viewer_background.dart
DA:8,0
DA:18,0
DA:26,0
DA:27,0
DA:31,0
DA:33,0
DA:34,0
DA:35,0
DA:36,0
DA:37,0
DA:38,0
DA:40,0
DA:45,0
DA:46,0
DA:47,0
DA:48,0
DA:49,0
DA:50,0
DA:51,0
DA:52,0
DA:53,0
LF:21
LH:0
end_of_record
SF:lib/src/view/widgets/control_bar/control_bar.dart
DA:29,1
DA:40,1
DA:41,1
DA:53,1
DA:54,4
DA:56,1
DA:57,2
DA:61,1
DA:62,2
DA:63,0
DA:66,1
DA:68,1
DA:69,2
DA:70,3
DA:71,2
DA:75,1
DA:77,1
DA:78,1
DA:79,1
DA:80,1
DA:81,1
DA:82,1
DA:83,1
DA:85,1
DA:86,1
DA:87,1
DA:92,1
DA:94,3
DA:95,2
DA:96,1
DA:99,0
DA:100,0
DA:101,0
DA:102,0
DA:103,0
DA:107,0
DA:108,0
DA:111,0
DA:112,0
DA:113,0
DA:115,0
DA:116,0
DA:117,0
DA:119,0
DA:121,0
DA:122,0
DA:124,0
DA:125,0
DA:128,0
DA:129,0
DA:130,0
DA:132,0
DA:133,0
DA:137,0
DA:138,0
DA:139,0
DA:140,0
DA:141,0
DA:143,0
DA:144,0
DA:146,0
DA:147,0
DA:150,1
DA:151,1
DA:153,1
DA:155,1
DA:156,1
DA:157,1
DA:158,1
DA:159,1
DA:160,1
DA:162,1
DA:163,1
DA:164,1
DA:166,1
DA:167,1
DA:170,1
DA:171,2
DA:172,2
DA:173,3
DA:174,3
DA:175,2
DA:176,2
DA:177,3
DA:178,3
DA:181,1
DA:182,1
DA:184,2
DA:185,2
DA:186,3
DA:187,3
DA:192,1
DA:199,1
DA:201,1
DA:202,1
DA:203,1
DA:204,1
DA:205,1
DA:218,1
DA:219,1
DA:220,1
DA:221,2
DA:222,1
DA:225,1
DA:226,1
DA:227,1
DA:230,1
DA:231,2
DA:232,2
DA:233,2
DA:235,2
DA:236,1
DA:237,2
DA:240,1
DA:241,0
DA:242,0
DA:244,2
DA:247,2
DA:267,3
DA:268,0
DA:271,1
DA:273,2
DA:274,1
DA:275,0
DA:276,0
DA:277,0
DA:278,1
DA:282,1
DA:284,1
DA:285,1
DA:286,1
DA:287,1
DA:290,1
DA:291,1
DA:293,1
DA:294,1
DA:295,1
DA:296,3
DA:297,3
DA:298,1
DA:299,2
DA:300,2
DA:301,1
DA:302,2
DA:303,1
DA:304,1
DA:305,0
DA:312,1
DA:313,2
DA:314,1
DA:319,2
DA:320,1
DA:321,2
DA:322,2
DA:323,1
DA:324,1
DA:343,1
DA:348,1
DA:350,1
DA:355,1
DA:358,1
DA:360,1
DA:362,3
DA:365,0
DA:367,0
DA:369,0
DA:370,0
DA:374,0
DA:375,0
DA:376,0
DA:379,0
DA:381,0
DA:383,0
DA:384,0
DA:388,1
DA:390,1
DA:391,1
DA:393,1
DA:394,2
DA:395,1
DA:397,1
DA:398,2
DA:401,1
DA:402,1
DA:403,1
DA:404,2
DA:405,2
LF:187
LH:136
end_of_record
SF:lib/src/view/widgets/image_carousel.dart
DA:11,0
DA:38,0
DA:39,0
DA:51,0
DA:53,0
DA:54,0
DA:55,0
DA:56,0
DA:57,0
DA:58,0
DA:59,0
DA:61,0
DA:65,0
DA:67,0
DA:68,0
DA:69,0
DA:70,0
DA:71,0
DA:75,0
DA:76,0
DA:77,0
DA:78,0
DA:79,0
DA:81,0
DA:82,0
DA:85,0
DA:87,0
DA:88,0
DA:89,0
DA:92,0
DA:93,0
DA:94,0
DA:97,0
DA:98,0
DA:99,0
DA:102,0
DA:103,0
DA:107,0
DA:108,0
DA:109,0
DA:111,0
DA:113,0
DA:114,0
DA:116,0
DA:118,0
DA:119,0
DA:121,0
DA:122,0
DA:123,0
DA:127,0
DA:129,0
DA:130,0
DA:133,0
DA:134,0
DA:137,0
DA:140,0
DA:141,0
DA:142,0
DA:146,0
DA:147,0
DA:148,0
DA:151,0
DA:154,0
DA:156,0
DA:157,0
DA:160,0
DA:161,0
DA:162,0
DA:164,0
DA:167,0
DA:168,0
DA:170,0
DA:171,0
DA:172,0
DA:173,0
DA:175,0
DA:176,0
DA:177,0
DA:178,0
DA:179,0
DA:181,0
DA:182,0
DA:183,0
DA:188,0
DA:189,0
DA:191,0
DA:192,0
DA:194,0
DA:195,0
DA:196,0
DA:198,0
DA:201,0
LF:92
LH:0
end_of_record
SF:lib/src/view/widgets/collected_colors/collected_colors_button.dart
DA:16,4
DA:18,1
DA:20,1
DA:21,2
DA:22,1
DA:23,1
DA:25,2
DA:26,1
DA:27,4
DA:28,0
DA:30,2
DA:31,1
DA:32,4
DA:36,1
DA:37,1
DA:38,1
DA:39,1
DA:42,1
DA:43,2
DA:45,1
DA:47,1
DA:48,2
DA:49,1
DA:50,1
DA:52,2
DA:62,1
DA:66,1
DA:71,2
DA:77,1
DA:81,1
DA:83,1
DA:84,1
DA:87,1
DA:89,1
DA:90,1
DA:91,3
LF:36
LH:35
end_of_record
SF:lib/src/view/widgets/loading/background_loading_indicator.dart
DA:7,2
DA:20,2
DA:22,2
DA:23,2
DA:24,0
DA:25,2
DA:26,4
DA:27,2
DA:28,2
DA:31,2
DA:33,8
LF:11
LH:10
end_of_record
SF:lib/src/view/widgets/background/liquid_background.dart
DA:14,0
DA:20,0
DA:23,0
DA:24,0
DA:27,0
DA:31,0
DA:32,0
DA:33,0
DA:34,0
DA:35,0
DA:36,0
DA:39,0
DA:40,0
DA:43,0
DA:45,0
DA:52,0
DA:57,0
DA:61,0
DA:62,0
DA:68,0
DA:69,0
DA:70,0
DA:71,0
DA:72,0
DA:77,0
DA:78,0
DA:79,0
DA:80,0
DA:81,0
DA:82,0
DA:83,0
DA:84,0
DA:103,0
DA:105,0
DA:106,0
DA:107,0
DA:108,0
DA:109,0
DA:113,0
DA:114,0
DA:117,0
DA:118,0
DA:121,0
DA:122,0
DA:123,0
DA:124,0
DA:125,0
DA:129,0
DA:130,0
DA:131,0
DA:134,0
DA:137,0
DA:138,0
DA:140,0
DA:141,0
DA:142,0
DA:143,0
DA:144,0
DA:149,0
DA:150,0
DA:152,0
DA:153,0
DA:154,0
DA:156,0
DA:157,0
DA:158,0
DA:162,0
DA:163,0
DA:164,0
DA:165,0
DA:166,0
DA:169,0
DA:170,0
DA:171,0
DA:174,0
DA:175,0
DA:176,0
DA:177,0
DA:178,0
DA:182,0
DA:185,0
DA:186,0
DA:188,0
DA:192,0
DA:194,0
DA:195,0
DA:196,0
DA:197,0
DA:198,0
DA:202,0
DA:204,0
DA:205,0
DA:206,0
DA:207,0
DA:208,0
DA:209,0
DA:210,0
DA:213,0
DA:215,0
DA:216,0
DA:217,0
DA:219,0
DA:220,0
DA:221,0
DA:226,0
DA:229,0
DA:230,0
DA:232,0
DA:236,0
DA:237,0
DA:238,0
DA:239,0
DA:240,0
DA:242,0
DA:243,0
DA:244,0
DA:245,0
DA:246,0
DA:248,0
DA:249,0
DA:250,0
DA:261,0
DA:265,0
DA:267,0
DA:268,0
DA:271,0
DA:272,0
DA:273,0
DA:275,0
DA:277,0
DA:281,0
DA:283,0
LF:132
LH:0
end_of_record
SF:lib/src/view/widgets/carousel/blended_colors_sync.dart
DA:7,0
DA:16,0
DA:17,0
DA:23,0
DA:25,0
DA:26,0
DA:29,0
DA:31,0
DA:32,0
DA:35,0
DA:36,0
DA:37,0
DA:38,0
DA:39,0
DA:40,0
DA:41,0
DA:42,0
DA:43,0
DA:48,0
LF:19
LH:0
end_of_record
SF:lib/src/view/widgets/carousel/scroll_direction_toggle.dart
DA:9,0
DA:11,1
DA:13,1
DA:14,1
DA:15,1
DA:16,1
DA:17,1
DA:18,1
DA:19,2
DA:21,1
DA:22,1
DA:23,1
DA:26,2
DA:29,2
DA:32,1
LF:15
LH:14
end_of_record
SF:lib/src/view/widgets/collected_colors/collected_colors_sheet.dart
DA:9,2
DA:13,2
DA:15,2
DA:16,4
DA:18,2
DA:19,0
DA:22,6
DA:24,2
DA:25,2
DA:26,2
DA:28,2
DA:29,2
DA:30,2
DA:31,2
DA:32,2
DA:33,2
DA:35,2
DA:37,2
DA:38,6
DA:40,2
DA:42,2
DA:43,2
DA:45,4
DA:47,2
DA:49,2
DA:51,2
DA:60,2
DA:61,2
DA:62,1
DA:64,1
DA:66,1
DA:70,1
DA:74,2
DA:77,2
DA:78,2
DA:79,2
DA:80,2
DA:82,2
DA:84,2
DA:85,2
DA:86,6
DA:87,2
DA:103,2
DA:107,2
DA:109,2
DA:110,2
DA:111,2
DA:114,2
DA:116,2
DA:117,2
DA:118,6
LF:51
LH:50
end_of_record
SF:lib/src/view/widgets/notch.dart
DA:8,6
DA:10,3
DA:12,3
DA:13,3
DA:14,3
DA:15,3
DA:16,3
DA:19,3
DA:20,3
DA:21,3
DA:23,3
DA:24,3
DA:26,3
DA:30,12
DA:31,3
LF:15
LH:15
end_of_record
SF:lib/src/view/widgets/control_bar/control_bar_main_button.dart
DA:9,2
DA:26,2
DA:27,2
DA:31,0
DA:33,0
DA:34,0
DA:35,0
DA:39,2
DA:41,2
DA:43,2
DA:44,1
DA:45,5
DA:46,3
DA:47,0
DA:48,0
DA:49,0
DA:50,0
DA:51,0
DA:52,2
DA:53,6
DA:54,2
DA:57,4
DA:58,2
DA:59,2
DA:63,2
DA:64,2
DA:68,2
DA:70,3
DA:72,4
DA:73,2
DA:74,4
DA:75,2
DA:76,2
DA:77,2
DA:79,2
DA:80,1
DA:81,3
DA:82,0
DA:83,2
DA:84,4
DA:85,4
DA:86,2
DA:87,2
DA:92,0
DA:94,1
DA:95,1
DA:96,2
DA:97,2
DA:98,2
DA:102,4
DA:104,4
DA:105,0
DA:106,2
LF:53
LH:41
end_of_record
SF:lib/src/view/widgets/control_bar/favourite_button.dart
DA:8,2
DA:18,2
DA:20,4
DA:21,2
DA:23,2
DA:24,4
DA:25,2
DA:26,6
DA:27,4
DA:28,4
DA:29,2
DA:31,2
DA:32,1
DA:33,1
DA:34,2
DA:37,4
DA:40,4
LF:17
LH:17
end_of_record
SF:lib/src/view/widgets/helper_widgets/measure_size.dart
DA:5,1
DA:10,1
DA:11,1
DA:17,1
DA:19,1
DA:20,4
DA:23,1
DA:24,1
DA:25,2
DA:26,1
DA:27,2
DA:28,1
DA:29,3
DA:33,0
DA:35,0
DA:36,0
DA:37,0
DA:41,1
DA:43,2
LF:19
LH:15
end_of_record
SF:lib/src/view/widgets/gyro/gyro_parallax_card.dart
DA:14,2
DA:32,2
DA:33,2
DA:50,2
DA:52,2
DA:53,4
DA:54,2
DA:58,2
DA:60,2
DA:61,8
DA:62,4
DA:63,2
DA:64,0
DA:66,1
DA:67,1
DA:72,2
DA:73,2
DA:74,4
DA:77,3
DA:78,1
DA:79,4
DA:81,0
DA:83,0
DA:84,0
DA:86,0
DA:89,2
DA:93,2
DA:94,3
DA:95,2
DA:96,2
DA:99,1
DA:100,1
DA:101,1
DA:102,2
DA:105,1
DA:106,2
DA:108,3
DA:109,2
DA:110,2
DA:119,5
DA:120,6
DA:123,4
DA:124,4
DA:127,2
DA:128,5
DA:129,5
DA:131,2
DA:134,2
DA:136,2
DA:137,4
DA:138,2
DA:141,2
DA:143,6
DA:144,4
DA:147,1
DA:148,1
DA:149,1
DA:151,1
DA:152,1
DA:154,1
DA:155,1
DA:156,1
DA:157,1
DA:158,2
LF:64
LH:59
end_of_record
SF:lib/src/view/widgets/image_square/image_viewer.dart
DA:13,1
DA:32,1
DA:33,1
DA:40,1
DA:42,1
DA:43,2
DA:46,1
DA:48,2
DA:49,1
DA:52,0
DA:54,0
DA:57,0
DA:58,0
DA:61,1
DA:63,1
DA:65,4
DA:66,0
DA:70,0
DA:71,0
DA:72,0
DA:76,1
DA:78,1
DA:82,1
DA:84,4
DA:85,1
DA:86,2
DA:88,1
DA:89,1
DA:90,2
DA:91,1
DA:93,1
DA:101,1
DA:102,1
DA:103,1
DA:104,1
DA:105,1
DA:106,1
DA:108,1
DA:109,1
DA:111,1
DA:113,1
DA:115,4
DA:116,0
DA:117,1
DA:118,3
DA:119,3
DA:120,3
DA:121,3
DA:130,2
DA:131,1
DA:132,0
DA:133,2
DA:134,2
DA:135,1
DA:136,1
DA:137,1
DA:138,0
DA:139,0
LF:58
LH:46
end_of_record
SF:lib/src/view/widgets/image_square/image_viewer_body.dart
DA:18,1
DA:28,1
DA:29,1
DA:36,3
DA:38,1
DA:40,1
DA:41,3
DA:44,1
DA:46,1
DA:47,1
DA:48,4
DA:52,1
DA:54,3
DA:55,1
DA:58,1
DA:60,1
DA:61,6
DA:62,0
DA:63,0
DA:64,0
DA:69,0
DA:71,0
DA:72,0
DA:73,0
DA:74,0
DA:75,0
DA:76,0
DA:77,0
DA:79,1
DA:80,4
DA:81,2
DA:82,2
DA:83,2
DA:84,2
DA:85,1
DA:86,2
DA:88,1
DA:92,1
DA:93,4
DA:94,2
DA:95,2
DA:96,1
DA:97,1
DA:98,1
DA:99,3
DA:100,2
DA:101,0
DA:102,0
DA:103,0
DA:104,0
DA:105,0
DA:106,0
DA:109,0
DA:113,1
DA:116,4
DA:117,1
DA:119,2
DA:120,2
DA:123,1
DA:125,1
DA:127,3
DA:128,2
DA:129,2
DA:134,2
DA:135,1
DA:137,1
DA:139,3
DA:140,1
DA:141,1
DA:142,2
DA:143,1
DA:144,1
DA:149,1
DA:150,3
DA:151,3
DA:152,1
DA:156,1
DA:158,1
DA:159,1
DA:160,3
DA:161,2
DA:162,0
DA:165,1
DA:166,2
DA:170,1
DA:171,2
DA:173,1
DA:175,1
LF:88
LH:69
end_of_record
SF:lib/src/view/widgets/image_square/image_viewer_square.dart
DA:11,1
DA:26,1
DA:28,1
DA:30,1
DA:32,4
DA:34,1
DA:36,1
DA:37,1
DA:38,1
DA:39,2
DA:41,1
DA:47,1
DA:48,1
DA:50,1
DA:51,2
DA:52,0
DA:53,0
DA:54,0
DA:55,0
DA:57,0
DA:58,0
DA:60,0
DA:67,4
DA:68,1
DA:69,1
DA:71,1
DA:77,1
DA:78,1
DA:80,1
DA:81,0
DA:82,1
DA:83,1
DA:84,1
DA:85,1
DA:86,1
DA:87,1
LF:36
LH:28
end_of_record
SF:lib/src/view/widgets/image_square/image_viewer_body_content.dart
DA:9,0
DA:12,0
DA:17,0
DA:18,0
DA:19,0
DA:20,0
DA:21,0
DA:22,0
DA:26,0
DA:29,0
DA:30,0
DA:38,1
DA:43,1
DA:44,2
DA:45,0
DA:48,8
DA:49,2
DA:50,2
DA:52,0
DA:53,0
DA:54,0
DA:55,0
DA:56,0
DA:57,0
DA:60,0
DA:64,0
DA:65,0
DA:66,0
DA:68,0
DA:69,0
DA:70,0
DA:71,0
DA:72,0
DA:75,0
DA:76,0
DA:77,0
DA:78,0
DA:81,0
DA:82,0
DA:83,0
DA:85,0
DA:89,0
DA:90,0
DA:91,0
DA:92,0
DA:98,1
DA:105,6
DA:106,1
DA:107,1
DA:108,2
DA:109,2
DA:110,2
DA:111,1
DA:112,3
DA:115,1
DA:117,3
DA:118,1
DA:119,2
DA:120,2
DA:123,1
DA:124,1
DA:125,2
DA:126,1
DA:129,1
DA:131,1
DA:135,1
DA:143,6
DA:144,1
DA:145,1
DA:147,0
DA:148,1
DA:149,2
DA:150,2
DA:151,1
DA:152,3
DA:155,1
DA:157,3
DA:158,1
DA:159,2
DA:160,2
DA:163,1
DA:164,1
DA:165,2
DA:166,1
DA:169,1
DA:171,1
LF:86
LH:46
end_of_record
SF:lib/src/view/widgets/image_square/image_viewer_body_reveal.dart
DA:5,1
DA:6,1
DA:7,1
DA:14,1
DA:15,1
DA:16,1
DA:19,1
LF:7
LH:7
end_of_record
SF:lib/src/view/widgets/image_square/palette_explosion.dart
DA:15,1
DA:22,1
DA:23,1
DA:33,1
DA:35,1
DA:36,2
DA:37,2
DA:40,1
DA:42,2
DA:50,0
DA:53,0
DA:54,0
DA:56,0
DA:57,0
DA:58,0
DA:59,0
DA:60,0
DA:65,1
DA:67,2
DA:68,2
DA:69,2
DA:70,1
DA:73,0
DA:74,0
DA:75,0
DA:77,0
DA:78,0
DA:79,0
DA:82,0
DA:83,0
DA:84,0
DA:85,0
DA:87,0
DA:90,1
DA:92,1
DA:93,0
DA:94,0
DA:95,1
DA:96,4
DA:97,1
DA:102,1
DA:103,1
DA:104,1
DA:105,1
DA:106,2
DA:107,1
DA:109,1
DA:110,1
DA:112,1
DA:114,1
DA:115,0
DA:116,0
DA:117,0
DA:118,0
DA:120,0
DA:122,1
DA:125,1
DA:126,1
DA:128,5
DA:129,6
DA:131,1
DA:132,2
DA:133,1
DA:134,1
DA:136,1
DA:138,5
DA:142,2
DA:143,2
DA:145,1
DA:146,1
DA:147,1
DA:152,2
DA:155,1
DA:158,1
DA:159,0
DA:160,4
DA:161,1
DA:163,1
DA:164,1
DA:165,1
DA:166,1
DA:167,2
DA:168,1
DA:169,1
DA:173,1
DA:174,1
DA:175,1
DA:176,1
DA:177,1
DA:178,1
DA:179,3
DA:181,1
DA:182,1
DA:184,4
DA:208,1
DA:209,1
DA:210,0
DA:211,0
DA:213,0
LF:99
LH:69
end_of_record
